<?xml version="1.0" encoding="UTF-8"?>
<!-- Generated by org.testng.reporters.JUnitReportReporter -->
<testsuite skipped="0" hostname="Sasha" name="TestNNNNNG.firsttestngfile" tests="1" failures="0" timestamp="10 Feb 2019 13:45:13 GMT" time="0.049" errors="0">
  <testcase name="verifyHomepageTitle" time="0.049" classname="TestNNNNNG.firsttestngfile"/>
</testsuite> <!-- TestNNNNNG.firsttestngfile -->
